<?xml version="1.0" encoding="UTF-8"?>
<!-- Generated by org.testng.reporters.JUnitXMLReporter -->
<testsuite ignored="0" hostname="DESKTOP-529V1VI" failures="0" tests="3" name="Test" time="41.932" errors="0" timestamp="2022-04-14T13:03:42 IST">
  <testcase classname="com.Kite.TestCaseclasses.TC02KiteAddToShareFunctionality" name="KiteAddToShareFunctionality" time="0.023"/>
  <testcase classname="com.Kite.TestCaseclasses.TC03KiteLogoutFunctionality" name="LogOutPagefunctionality" time="0.002"/>
  <testcase classname="com.Kite.TestCaseclasses.TC01KiteLoginPageFunctionality" name="LoginPagefunctionality" time="0.003"/>
</testsuite> <!-- Test -->
