<?xml version="1.0" encoding="UTF-8"?>
<testng-results ignored="0" total="1" passed="1" failed="0" skipped="0">
  <reporter-output>
  </reporter-output>
  <suite started-at="2022-04-15T15:28:14 IST" name="Default suite" finished-at="2022-04-15T15:28:25 IST" duration-ms="11144">
    <groups>
    </groups>
    <test started-at="2022-04-15T15:28:14 IST" name="Default test" finished-at="2022-04-15T15:28:25 IST" duration-ms="11144">
      <class name="com.Kite.TestCaseclasses.TC01KiteLoginPageFunctionality">
        <test-method is-config="true" signature="SetUp()[pri:0, instance:com.Kite.TestCaseclasses.TC01KiteLoginPageFunctionality@1534f01b]" started-at="2022-04-15T15:28:14 IST" name="SetUp" finished-at="2022-04-15T15:28:25 IST" duration-ms="10456" status="PASS">
          <reporter-output>
          </reporter-output>
        </test-method> <!-- SetUp -->
        <test-method signature="LoginPagefunctionality()[pri:0, instance:com.Kite.TestCaseclasses.TC01KiteLoginPageFunctionality@1534f01b]" started-at="2022-04-15T15:28:25 IST" name="LoginPagefunctionality" finished-at="2022-04-15T15:28:25 IST" duration-ms="26" status="PASS">
          <reporter-output>
          </reporter-output>
        </test-method> <!-- LoginPagefunctionality -->
        <test-method is-config="true" signature="TearOut()[pri:0, instance:com.Kite.TestCaseclasses.TC01KiteLoginPageFunctionality@1534f01b]" started-at="2022-04-15T15:28:25 IST" name="TearOut" finished-at="2022-04-15T15:28:25 IST" duration-ms="596" status="PASS">
          <reporter-output>
          </reporter-output>
        </test-method> <!-- TearOut -->
      </class> <!-- com.Kite.TestCaseclasses.TC01KiteLoginPageFunctionality -->
    </test> <!-- Default test -->
  </suite> <!-- Default suite -->
</testng-results>
